<?xml version="1.0" encoding="UTF-8"?>
<!-- Generated by org.testng.reporters.JUnitXMLReporter -->
<testsuite hostname="DESKTOP-DGAOAVL" ignored="0" name="Surefire test" tests="4" failures="1" timestamp="2021-05-12T19:25:04 IST" time="100.81" errors="0">
  <testcase name="skipm" time="0.014" classname="com.qa.flipkart.tests.HomePageTest">
    <skipped/>
  </testcase> <!-- skipm -->
  <testcase name="title_validation" time="3.236" classname="com.qa.flipkart.tests.HomePageTest">
    <failure type="java.lang.AssertionError" message="expected [Online Shopping Site for Mobiles, Electronics, Furniture, Grocery, Lifestyle, Books &amp;amp; More. Best Offers!] but found []">
      <![CDATA[java.lang.AssertionError: expected [Online Shopping Site for Mobiles, Electronics, Furniture, Grocery, Lifestyle, Books & More. Best Offers!] but found []
at com.qa.flipkart.tests.HomePageTest.title_validation(HomePageTest.java:55)
at java.util.ArrayList.forEach(ArrayList.java:1259)
... Removed 38 stack frames]]>
    </failure>
  </testcase> <!-- title_validation -->
  <testcase name="searchItem" time="2.986" classname="com.qa.flipkart.tests.HomePageTest"/>
  <testcase name="selectDesiredItem" time="39.729" classname="com.qa.flipkart.tests.SearchPageTest"/>
</testsuite> <!-- Surefire test -->
