<?xml version="1.0" encoding="UTF-8"?>
<!-- Generated by org.testng.reporters.JUnitXMLReporter -->
<testsuite hostname="DESKTOP-DGAOAVL" ignored="0" name="Test" tests="4" failures="0" timestamp="2021-05-12T09:41:34 IST" time="201.886" errors="0">
  <testcase name="skipm" time="0.094" classname="com.qa.flipkart.tests.HomePageTest">
    <skipped/>
  </testcase> <!-- skipm -->
  <testcase name="title_validation" time="1.212" classname="com.qa.flipkart.tests.HomePageTest"/>
  <testcase name="searchItem" time="1.889" classname="com.qa.flipkart.tests.HomePageTest"/>
  <testcase name="selectDesiredItem" time="54.059" classname="com.qa.flipkart.tests.SearchPageTest"/>
</testsuite> <!-- Test -->
