-------------------------------------------------------------------------------
Test set: TestSuite
-------------------------------------------------------------------------------
Tests run: 4, Failures: 1, Errors: 0, Skipped: 1, Time elapsed: 102.235 s <<< FAILURE! - in TestSuite
com.qa.flipkart.tests.HomePageTest.title_validation  Time elapsed: 3.349 s  <<< FAILURE!
java.lang.AssertionError: expected [Online Shopping Site for Mobiles, Electronics, Furniture, Grocery, Lifestyle, Books & More. Best Offers!] but found []
	at com.qa.flipkart.tests.HomePageTest.title_validation(HomePageTest.java:55)

